<?xml version="1.0" encoding="UTF-8"?>
<testng-results skipped="0" failed="0" total="2" passed="2">
  <reporter-output>
  </reporter-output>
  <suite name="持续集成测试" duration-ms="3457" started-at="2019-01-07T08:41:10Z" finished-at="2019-01-07T08:41:14Z">
    <groups>
    </groups>
    <test name="持续集成测试" duration-ms="3457" started-at="2019-01-07T08:41:10Z" finished-at="2019-01-07T08:41:14Z">
      <class name="com.course.LearnRestassuredCase.TestJenkins">
        <test-method status="PASS" signature="testjenkins()[pri:0, instance:com.course.LearnRestassuredCase.TestJenkins@12050f6]" name="testjenkins" duration-ms="3428" started-at="2019-01-07T16:41:10Z" finished-at="2019-01-07T16:41:14Z">
          <reporter-output>
          </reporter-output>
        </test-method> <!-- testjenkins -->
        <test-method status="PASS" signature="testmultplication()[pri:0, instance:com.course.LearnRestassuredCase.TestJenkins@12050f6]" name="testmultplication" duration-ms="0" started-at="2019-01-07T16:41:14Z" finished-at="2019-01-07T16:41:14Z">
          <reporter-output>
          </reporter-output>
        </test-method> <!-- testmultplication -->
      </class> <!-- com.course.LearnRestassuredCase.TestJenkins -->
    </test> <!-- 持续集成测试 -->
  </suite> <!-- 持续集成测试 -->
</testng-results>
